2025-01-23 18:27:10 [Test worker] INFO  c.c.s.WebDriverThreadLocalContainer - No webdriver is bound to current thread: 1 - let's create a new webdriver
2025-01-23 18:27:22 [Test worker] INFO  c.c.s.webdriver.WebDriverFactory - Selenide 7.6.1 / Selenium 4.27.0 / chrome 131.0.6778.266 windows
2025-01-23 18:42:57 [Test worker] INFO  c.c.s.WebDriverThreadLocalContainer - No webdriver is bound to current thread: 1 - let's create a new webdriver
2025-01-23 18:43:04 [Test worker] INFO  c.c.s.webdriver.WebDriverFactory - Selenide 7.6.1 / Selenium 4.27.0 / chrome 131.0.6778.266 windows
2025-01-23 18:49:24 [Test worker] INFO  c.c.s.WebDriverThreadLocalContainer - No webdriver is bound to current thread: 1 - let's create a new webdriver
2025-01-23 18:49:31 [Test worker] INFO  c.c.s.webdriver.WebDriverFactory - Selenide 7.6.1 / Selenium 4.27.0 / chrome 131.0.6778.266 windows
2025-01-23 18:59:25 [Test worker] INFO  c.c.s.WebDriverThreadLocalContainer - No webdriver is bound to current thread: 1 - let's create a new webdriver
2025-01-23 18:59:33 [Test worker] INFO  c.c.s.webdriver.WebDriverFactory - Selenide 7.6.1 / Selenium 4.27.0 / chrome 131.0.6778.266 windows
2025-01-23 19:03:51 [Test worker] INFO  c.c.s.WebDriverThreadLocalContainer - No webdriver is bound to current thread: 1 - let's create a new webdriver
2025-01-23 19:03:58 [Test worker] INFO  c.c.s.webdriver.WebDriverFactory - Selenide 7.6.1 / Selenium 4.27.0 / chrome 131.0.6778.266 windows
2025-01-23 19:05:18 [Test worker] INFO  c.c.s.WebDriverThreadLocalContainer - No webdriver is bound to current thread: 1 - let's create a new webdriver
2025-01-23 19:05:26 [Test worker] INFO  c.c.s.webdriver.WebDriverFactory - Selenide 7.6.1 / Selenium 4.27.0 / chrome 131.0.6778.266 windows
2025-01-23 19:06:32 [Test worker] INFO  c.c.s.WebDriverThreadLocalContainer - No webdriver is bound to current thread: 1 - let's create a new webdriver
2025-01-23 19:06:39 [Test worker] INFO  c.c.s.webdriver.WebDriverFactory - Selenide 7.6.1 / Selenium 4.27.0 / chrome 131.0.6778.266 windows
2025-01-23 19:06:50 [Test worker] INFO  org.webproject.ProductPageTest - Check email: test_email@example.com got message: test_message
2025-01-23 19:15:01 [Test worker] INFO  c.c.s.WebDriverThreadLocalContainer - No webdriver is bound to current thread: 1 - let's create a new webdriver
2025-01-23 19:15:10 [Test worker] INFO  c.c.s.webdriver.WebDriverFactory - Selenide 7.6.1 / Selenium 4.27.0 / chrome 131.0.6778.266 windows
2025-01-23 19:15:28 [Test worker] INFO  c.c.s.WebDriverThreadLocalContainer - No webdriver is bound to current thread: 1 - let's create a new webdriver
2025-01-23 19:15:33 [Test worker] INFO  c.c.s.webdriver.WebDriverFactory - Selenide 7.6.1 / Selenium 4.27.0 / chrome 131.0.6778.266 windows
2025-01-23 19:15:42 [Test worker] INFO  org.webproject.ProductPageTest - First product on the page: Samsung galaxy s6
2025-01-23 19:15:58 [Test worker] INFO  org.webproject.ProductPageTest - Check email: test_email@example.com got message: test_message
2025-01-23 19:16:00 [Test worker] INFO  org.webproject.ProductPageTest - First product on First page: Samsung galaxy s6
2025-01-23 19:16:00 [Test worker] INFO  org.webproject.ProductPageTest - First product on Second page: Apple monitor 24
2025-01-23 19:16:47 [Test worker] INFO  c.c.s.WebDriverThreadLocalContainer - No webdriver is bound to current thread: 1 - let's create a new webdriver
2025-01-23 19:16:55 [Test worker] INFO  c.c.s.webdriver.WebDriverFactory - Selenide 7.6.1 / Selenium 4.27.0 / chrome 131.0.6778.266 windows
2025-01-23 20:52:41 [Test worker] INFO  c.c.s.WebDriverThreadLocalContainer - No webdriver is bound to current thread: 1 - let's create a new webdriver
2025-01-23 20:52:50 [Test worker] INFO  c.c.s.webdriver.WebDriverFactory - Selenide 7.6.1 / Selenium 4.27.0 / chrome 131.0.6778.266 windows
2025-01-23 20:52:58 [Test worker] INFO  org.webproject.ProductPageTest - First product on the page: Samsung galaxy s6
2025-01-23 21:06:37 [Test worker] INFO  c.c.s.WebDriverThreadLocalContainer - No webdriver is bound to current thread: 1 - let's create a new webdriver
2025-01-23 21:06:45 [Test worker] INFO  c.c.s.webdriver.WebDriverFactory - Selenide 7.6.1 / Selenium 4.27.0 / chrome 131.0.6778.266 windows
2025-01-23 21:41:37 [Test worker] INFO  c.c.s.WebDriverThreadLocalContainer - No webdriver is bound to current thread: 1 - let's create a new webdriver
2025-01-23 21:41:44 [Test worker] INFO  c.c.s.webdriver.WebDriverFactory - Selenide 7.6.1 / Selenium 4.27.0 / chrome 131.0.6778.266 windows
2025-01-23 21:41:52 [Test worker] INFO  org.webproject.ProductPageTest - First product on the page: Samsung galaxy s6
2025-01-23 21:59:31 [Test worker] INFO  c.c.s.WebDriverThreadLocalContainer - No webdriver is bound to current thread: 1 - let's create a new webdriver
2025-01-23 21:59:40 [Test worker] INFO  c.c.s.webdriver.WebDriverFactory - Selenide 7.6.1 / Selenium 4.27.0 / chrome 131.0.6778.266 windows
2025-01-23 21:59:54 [Test worker] INFO  c.c.s.WebDriverThreadLocalContainer - No webdriver is bound to current thread: 1 - let's create a new webdriver
2025-01-23 22:00:00 [Test worker] INFO  c.c.s.webdriver.WebDriverFactory - Selenide 7.6.1 / Selenium 4.27.0 / chrome 131.0.6778.266 windows
2025-01-23 22:00:08 [Test worker] INFO  org.webproject.ProductPageTest - First product on the page: Samsung galaxy s6
2025-01-23 22:00:25 [Test worker] INFO  org.webproject.ProductPageTest - Check email: test_email@example.com got message: test_message
2025-01-23 22:00:27 [Test worker] INFO  org.webproject.ProductPageTest - First product on First page: Samsung galaxy s6
2025-01-23 22:00:27 [Test worker] INFO  org.webproject.ProductPageTest - First product on Second page: Apple monitor 24
